C:\USERS\RDHXT\DESKTOP\IGRAPHICS PROJECT\DEBUG\IGRAPHICS PROJECT.EXE
C:\USERS\RDHXT\DESKTOP\IGRAPHICS PROJECT\DEBUG\IGRAPHICS PROJECT.ILK
C:\USERS\RDHXT\DESKTOP\IGRAPHICS PROJECT\DEBUG\IGRAPHICS PROJECT.PDB
C:\USERS\RDHXT\DESKTOP\IGRAPHICS PROJECT\IGRAPHICS PROJECT\DEBUG\IGRAPHICS PROJECT.EXE.INTERMEDIATE.MANIFEST
C:\USERS\RDHXT\DESKTOP\IGRAPHICS PROJECT\IGRAPHICS PROJECT\DEBUG\UNIVERSEOFBATTLE.OBJ
C:\USERS\RDHXT\DESKTOP\IGRAPHICS PROJECT\IGRAPHICS PROJECT\DEBUG\VC100.PDB
C:\USERS\STUDENT\DESKTOP\IGRAPHICS PROJECT\DEBUG\IGRAPHICS PROJECT.EXE
C:\USERS\STUDENT\DESKTOP\IGRAPHICS PROJECT\DEBUG\IGRAPHICS PROJECT.ILK
C:\USERS\STUDENT\DESKTOP\IGRAPHICS PROJECT\DEBUG\IGRAPHICS PROJECT.PDB
C:\USERS\STUDENT\DESKTOP\IGRAPHICS PROJECT\IGRAPHICS PROJECT\DEBUG\IGRAPHICS PROJECT.EXE.INTERMEDIATE.MANIFEST
C:\USERS\STUDENT\DESKTOP\IGRAPHICS PROJECT\IGRAPHICS PROJECT\DEBUG\UNIVERSEOFBATTLE.OBJ
C:\USERS\STUDENT\DESKTOP\IGRAPHICS PROJECT\IGRAPHICS PROJECT\DEBUG\VC100.PDB
C:\USERS\STUDENT\DESKTOP\UNIVERSE OF BATTLE\IGRAPHICS PROJECT\DEBUG\IGRAPHICS PROJECT.EXE
C:\USERS\STUDENT\DESKTOP\UNIVERSE OF BATTLE\IGRAPHICS PROJECT\DEBUG\IGRAPHICS PROJECT.ILK
C:\USERS\STUDENT\DESKTOP\UNIVERSE OF BATTLE\IGRAPHICS PROJECT\DEBUG\IGRAPHICS PROJECT.PDB
C:\Users\Student\Desktop\Universe Of Battle\iGraphics Project\iGraphics Project\Debug\Arena1.obj
C:\Users\Student\Desktop\Universe Of Battle\iGraphics Project\iGraphics Project\Debug\BallDemo.obj
C:\Users\Student\Desktop\Universe Of Battle\iGraphics Project\iGraphics Project\Debug\cl.command.1.tlog
C:\Users\Student\Desktop\Universe Of Battle\iGraphics Project\iGraphics Project\Debug\CL.read.1.tlog
C:\Users\Student\Desktop\Universe Of Battle\iGraphics Project\iGraphics Project\Debug\CL.write.1.tlog
C:\USERS\STUDENT\DESKTOP\UNIVERSE OF BATTLE\IGRAPHICS PROJECT\IGRAPHICS PROJECT\DEBUG\IGRAPHICS PROJECT.EXE.INTERMEDIATE.MANIFEST
C:\Users\Student\Desktop\Universe Of Battle\iGraphics Project\iGraphics Project\Debug\iGraphics Project.exe.intermediate.manifest.xml
C:\Users\Student\Desktop\Universe Of Battle\iGraphics Project\iGraphics Project\Debug\iGraphics Project.vcxprojResolveAssemblyReference.cache
C:\Users\Student\Desktop\Universe Of Battle\iGraphics Project\iGraphics Project\Debug\iGraphics Project.write.1.tlog
C:\Users\Student\Desktop\Universe Of Battle\iGraphics Project\iGraphics Project\Debug\imagedemo.obj
C:\Users\Student\Desktop\Universe Of Battle\iGraphics Project\iGraphics Project\Debug\iMain.obj
C:\Users\Student\Desktop\Universe Of Battle\iGraphics Project\iGraphics Project\Debug\link.command.1.tlog
C:\Users\Student\Desktop\Universe Of Battle\iGraphics Project\iGraphics Project\Debug\link.read.1.tlog
C:\Users\Student\Desktop\Universe Of Battle\iGraphics Project\iGraphics Project\Debug\link.write.1.tlog
C:\Users\Student\Desktop\Universe Of Battle\iGraphics Project\iGraphics Project\Debug\mainProject.obj
C:\Users\Student\Desktop\Universe Of Battle\iGraphics Project\iGraphics Project\Debug\mt.command.1.tlog
C:\Users\Student\Desktop\Universe Of Battle\iGraphics Project\iGraphics Project\Debug\mt.read.1.tlog
C:\Users\Student\Desktop\Universe Of Battle\iGraphics Project\iGraphics Project\Debug\mt.write.1.tlog
C:\USERS\STUDENT\DESKTOP\UNIVERSE OF BATTLE\IGRAPHICS PROJECT\IGRAPHICS PROJECT\DEBUG\UNIVERSEOFBATTLE.OBJ
C:\Users\Student\Desktop\Universe Of Battle\iGraphics Project\iGraphics Project\Debug\vc100.idb
C:\USERS\STUDENT\DESKTOP\UNIVERSE OF BATTLE\IGRAPHICS PROJECT\IGRAPHICS PROJECT\DEBUG\VC100.PDB
C:\USERS\USER\DESKTOP\UNIVERSE OF BATTLE\IGRAPHICS PROJECT\DEBUG\IGRAPHICS PROJECT.EXE
C:\USERS\USER\DESKTOP\UNIVERSE OF BATTLE\IGRAPHICS PROJECT\DEBUG\IGRAPHICS PROJECT.ILK
C:\USERS\USER\DESKTOP\UNIVERSE OF BATTLE\IGRAPHICS PROJECT\DEBUG\IGRAPHICS PROJECT.PDB
C:\USERS\USER\DESKTOP\UNIVERSE OF BATTLE\IGRAPHICS PROJECT\IGRAPHICS PROJECT\DEBUG\IGRAPHICS PROJECT.EXE.INTERMEDIATE.MANIFEST
C:\USERS\USER\DESKTOP\UNIVERSE OF BATTLE\IGRAPHICS PROJECT\IGRAPHICS PROJECT\DEBUG\UNIVERSEOFBATTLE.OBJ
C:\USERS\USER\DESKTOP\UNIVERSE OF BATTLE\IGRAPHICS PROJECT\IGRAPHICS PROJECT\DEBUG\VC100.PDB
F:\ \IGRAPHICS\IGRAPHICSULTIMATE\IGRAPHICS PROJECT\DEBUG\IGRAPHICS PROJECT.EXE
F:\ \IGRAPHICS\IGRAPHICSULTIMATE\IGRAPHICS PROJECT\DEBUG\IGRAPHICS PROJECT.ILK
F:\ \IGRAPHICS\IGRAPHICSULTIMATE\IGRAPHICS PROJECT\DEBUG\IGRAPHICS PROJECT.PDB
F:\ \IGRAPHICS\IGRAPHICSULTIMATE\IGRAPHICS PROJECT\IGRAPHICS PROJECT\DEBUG\IGRAPHICS PROJECT.EXE.INTERMEDIATE.MANIFEST
F:\ \IGRAPHICS\IGRAPHICSULTIMATE\IGRAPHICS PROJECT\IGRAPHICS PROJECT\DEBUG\IMAGEDEMO.OBJ
F:\ \IGRAPHICS\IGRAPHICSULTIMATE\IGRAPHICS PROJECT\IGRAPHICS PROJECT\DEBUG\IMAIN.OBJ
F:\ \IGRAPHICS\IGRAPHICSULTIMATE\IGRAPHICS PROJECT\IGRAPHICS PROJECT\DEBUG\VC100.PDB
F:\ACADEMIC BOOKS RAKIB\Y-1,S-2\CSE 1200 SD\ALL IGRAPHICS\IGRAPHICS PROJECT\DEBUG\IGRAPHICS PROJECT.EXE
F:\ACADEMIC BOOKS RAKIB\Y-1,S-2\CSE 1200 SD\ALL IGRAPHICS\IGRAPHICS PROJECT\DEBUG\IGRAPHICS PROJECT.ILK
F:\ACADEMIC BOOKS RAKIB\Y-1,S-2\CSE 1200 SD\ALL IGRAPHICS\IGRAPHICS PROJECT\DEBUG\IGRAPHICS PROJECT.PDB
F:\ACADEMIC BOOKS RAKIB\Y-1,S-2\CSE 1200 SD\ALL IGRAPHICS\IGRAPHICS PROJECT\IGRAPHICS PROJECT\DEBUG\BALLDEMO.OBJ
F:\ACADEMIC BOOKS RAKIB\Y-1,S-2\CSE 1200 SD\ALL IGRAPHICS\IGRAPHICS PROJECT\IGRAPHICS PROJECT\DEBUG\IGRAPHICS PROJECT.EXE.INTERMEDIATE.MANIFEST
F:\ACADEMIC BOOKS RAKIB\Y-1,S-2\CSE 1200 SD\ALL IGRAPHICS\IGRAPHICS PROJECT\IGRAPHICS PROJECT\DEBUG\IMAGEDEMO.OBJ
F:\ACADEMIC BOOKS RAKIB\Y-1,S-2\CSE 1200 SD\ALL IGRAPHICS\IGRAPHICS PROJECT\IGRAPHICS PROJECT\DEBUG\VC100.PDB
F:\ACADEMIC BOOKS RAKIB\Y-1,S-2\CSE 1200 SD\IGRAPHICS PROJECT\DEBUG\IGRAPHICS PROJECT.EXE
F:\ACADEMIC BOOKS RAKIB\Y-1,S-2\CSE 1200 SD\IGRAPHICS PROJECT\DEBUG\IGRAPHICS PROJECT.ILK
F:\ACADEMIC BOOKS RAKIB\Y-1,S-2\CSE 1200 SD\IGRAPHICS PROJECT\DEBUG\IGRAPHICS PROJECT.PDB
F:\ACADEMIC BOOKS RAKIB\Y-1,S-2\CSE 1200 SD\IGRAPHICS PROJECT\IGRAPHICS PROJECT\DEBUG\A5T1.OBJ
F:\ACADEMIC BOOKS RAKIB\Y-1,S-2\CSE 1200 SD\IGRAPHICS PROJECT\IGRAPHICS PROJECT\DEBUG\IGRAPHICS PROJECT.EXE.INTERMEDIATE.MANIFEST
F:\ACADEMIC BOOKS RAKIB\Y-1,S-2\CSE 1200 SD\IGRAPHICS PROJECT\IGRAPHICS PROJECT\DEBUG\IMAIN.OBJ
F:\ACADEMIC BOOKS RAKIB\Y-1,S-2\CSE 1200 SD\IGRAPHICS PROJECT\IGRAPHICS PROJECT\DEBUG\VC100.PDB
F:\ACADEMIC BOOKS RAKIB\Y-1,S-2\CSE 1200 SD\IGRAPHICS\IGRAPHICSULTIMATE\IGRAPHICS PROJECT\DEBUG\IGRAPHICS PROJECT.EXE
F:\ACADEMIC BOOKS RAKIB\Y-1,S-2\CSE 1200 SD\IGRAPHICS\IGRAPHICSULTIMATE\IGRAPHICS PROJECT\DEBUG\IGRAPHICS PROJECT.ILK
F:\ACADEMIC BOOKS RAKIB\Y-1,S-2\CSE 1200 SD\IGRAPHICS\IGRAPHICSULTIMATE\IGRAPHICS PROJECT\DEBUG\IGRAPHICS PROJECT.PDB
F:\ACADEMIC BOOKS RAKIB\Y-1,S-2\CSE 1200 SD\IGRAPHICS\IGRAPHICSULTIMATE\IGRAPHICS PROJECT\IGRAPHICS PROJECT\DEBUG\IGRAPHICS PROJECT.EXE.INTERMEDIATE.MANIFEST
F:\ACADEMIC BOOKS RAKIB\Y-1,S-2\CSE 1200 SD\IGRAPHICS\IGRAPHICSULTIMATE\IGRAPHICS PROJECT\IGRAPHICS PROJECT\DEBUG\IMAIN.OBJ
F:\ACADEMIC BOOKS RAKIB\Y-1,S-2\CSE 1200 SD\IGRAPHICS\IGRAPHICSULTIMATE\IGRAPHICS PROJECT\IGRAPHICS PROJECT\DEBUG\VC100.PDB
F:\ACADEMIC BOOKS RAKIB\Y-1,S-2\CSE 1200 SD\UNIVERSE OF BATTLE\16-3-19(2.50AM)\UNIVERSE OF BATTLE\IGRAPHICS PROJECT\DEBUG\IGRAPHICS PROJECT.EXE
F:\ACADEMIC BOOKS RAKIB\Y-1,S-2\CSE 1200 SD\UNIVERSE OF BATTLE\16-3-19(2.50AM)\UNIVERSE OF BATTLE\IGRAPHICS PROJECT\DEBUG\IGRAPHICS PROJECT.ILK
F:\ACADEMIC BOOKS RAKIB\Y-1,S-2\CSE 1200 SD\UNIVERSE OF BATTLE\16-3-19(2.50AM)\UNIVERSE OF BATTLE\IGRAPHICS PROJECT\DEBUG\IGRAPHICS PROJECT.PDB
F:\ACADEMIC BOOKS RAKIB\Y-1,S-2\CSE 1200 SD\UNIVERSE OF BATTLE\16-3-19(2.50AM)\UNIVERSE OF BATTLE\IGRAPHICS PROJECT\IGRAPHICS PROJECT\DEBUG\IGRAPHICS PROJECT.EXE.INTERMEDIATE.MANIFEST
F:\ACADEMIC BOOKS RAKIB\Y-1,S-2\CSE 1200 SD\UNIVERSE OF BATTLE\16-3-19(2.50AM)\UNIVERSE OF BATTLE\IGRAPHICS PROJECT\IGRAPHICS PROJECT\DEBUG\UNIVERSEOFBATTLE.OBJ
F:\ACADEMIC BOOKS RAKIB\Y-1,S-2\CSE 1200 SD\UNIVERSE OF BATTLE\16-3-19(2.50AM)\UNIVERSE OF BATTLE\IGRAPHICS PROJECT\IGRAPHICS PROJECT\DEBUG\VC100.PDB
F:\ACADEMIC BOOKS RAKIB\Y-1,S-2\CSE 1200 SD\UNIVERSE OF BATTLE\19-3-19(10.20PM)\UNIVERSE OF BATTLE\IGRAPHICS PROJECT\DEBUG\IGRAPHICS PROJECT.EXE
F:\ACADEMIC BOOKS RAKIB\Y-1,S-2\CSE 1200 SD\UNIVERSE OF BATTLE\19-3-19(10.20PM)\UNIVERSE OF BATTLE\IGRAPHICS PROJECT\DEBUG\IGRAPHICS PROJECT.ILK
F:\ACADEMIC BOOKS RAKIB\Y-1,S-2\CSE 1200 SD\UNIVERSE OF BATTLE\19-3-19(10.20PM)\UNIVERSE OF BATTLE\IGRAPHICS PROJECT\DEBUG\IGRAPHICS PROJECT.PDB
F:\ACADEMIC BOOKS RAKIB\Y-1,S-2\CSE 1200 SD\UNIVERSE OF BATTLE\19-3-19(10.20PM)\UNIVERSE OF BATTLE\IGRAPHICS PROJECT\IGRAPHICS PROJECT\DEBUG\IGRAPHICS PROJECT.EXE.INTERMEDIATE.MANIFEST
F:\ACADEMIC BOOKS RAKIB\Y-1,S-2\CSE 1200 SD\UNIVERSE OF BATTLE\19-3-19(10.20PM)\UNIVERSE OF BATTLE\IGRAPHICS PROJECT\IGRAPHICS PROJECT\DEBUG\UNIVERSEOFBATTLE.OBJ
F:\ACADEMIC BOOKS RAKIB\Y-1,S-2\CSE 1200 SD\UNIVERSE OF BATTLE\19-3-19(10.20PM)\UNIVERSE OF BATTLE\IGRAPHICS PROJECT\IGRAPHICS PROJECT\DEBUG\VC100.PDB
F:\ACADEMIC BOOKS RAKIB\Y-1,S-2\CSE 1200 SD\UNIVERSE OF BATTLE\23-3-19(3PM)\UNIVERSE OF BATTLE\IGRAPHICS PROJECT\DEBUG\IGRAPHICS PROJECT.EXE
F:\ACADEMIC BOOKS RAKIB\Y-1,S-2\CSE 1200 SD\UNIVERSE OF BATTLE\23-3-19(3PM)\UNIVERSE OF BATTLE\IGRAPHICS PROJECT\DEBUG\IGRAPHICS PROJECT.ILK
F:\ACADEMIC BOOKS RAKIB\Y-1,S-2\CSE 1200 SD\UNIVERSE OF BATTLE\23-3-19(3PM)\UNIVERSE OF BATTLE\IGRAPHICS PROJECT\DEBUG\IGRAPHICS PROJECT.PDB
F:\ACADEMIC BOOKS RAKIB\Y-1,S-2\CSE 1200 SD\UNIVERSE OF BATTLE\23-3-19(3PM)\UNIVERSE OF BATTLE\IGRAPHICS PROJECT\IGRAPHICS PROJECT\DEBUG\IGRAPHICS PROJECT.EXE.INTERMEDIATE.MANIFEST
F:\ACADEMIC BOOKS RAKIB\Y-1,S-2\CSE 1200 SD\UNIVERSE OF BATTLE\23-3-19(3PM)\UNIVERSE OF BATTLE\IGRAPHICS PROJECT\IGRAPHICS PROJECT\DEBUG\UNIVERSEOFBATTLE.OBJ
F:\ACADEMIC BOOKS RAKIB\Y-1,S-2\CSE 1200 SD\UNIVERSE OF BATTLE\23-3-19(3PM)\UNIVERSE OF BATTLE\IGRAPHICS PROJECT\IGRAPHICS PROJECT\DEBUG\VC100.PDB
F:\ACADEMIC BOOKS RAKIB\Y-1,S-2\CSE 1200 SD\UNIVERSE OF BATTLE\25-3-19(10.50PM) - COPY\UNIVERSE OF BATTLE\IGRAPHICS PROJECT\DEBUG\IGRAPHICS PROJECT.EXE
F:\ACADEMIC BOOKS RAKIB\Y-1,S-2\CSE 1200 SD\UNIVERSE OF BATTLE\25-3-19(10.50PM) - COPY\UNIVERSE OF BATTLE\IGRAPHICS PROJECT\DEBUG\IGRAPHICS PROJECT.ILK
F:\ACADEMIC BOOKS RAKIB\Y-1,S-2\CSE 1200 SD\UNIVERSE OF BATTLE\25-3-19(10.50PM) - COPY\UNIVERSE OF BATTLE\IGRAPHICS PROJECT\DEBUG\IGRAPHICS PROJECT.PDB
F:\ACADEMIC BOOKS RAKIB\Y-1,S-2\CSE 1200 SD\UNIVERSE OF BATTLE\25-3-19(10.50PM) - COPY\UNIVERSE OF BATTLE\IGRAPHICS PROJECT\IGRAPHICS PROJECT\DEBUG\IGRAPHICS PROJECT.EXE.INTERMEDIATE.MANIFEST
F:\ACADEMIC BOOKS RAKIB\Y-1,S-2\CSE 1200 SD\UNIVERSE OF BATTLE\25-3-19(10.50PM) - COPY\UNIVERSE OF BATTLE\IGRAPHICS PROJECT\IGRAPHICS PROJECT\DEBUG\UNIVERSEOFBATTLE.OBJ
F:\ACADEMIC BOOKS RAKIB\Y-1,S-2\CSE 1200 SD\UNIVERSE OF BATTLE\25-3-19(10.50PM) - COPY\UNIVERSE OF BATTLE\IGRAPHICS PROJECT\IGRAPHICS PROJECT\DEBUG\VC100.PDB
F:\ACADEMIC BOOKS RAKIB\Y-1,S-2\CSE 1200 SD\UNIVERSE OF BATTLE\25-3-19(10.50PM)\UNIVERSE OF BATTLE\IGRAPHICS PROJECT\DEBUG\IGRAPHICS PROJECT.EXE
F:\ACADEMIC BOOKS RAKIB\Y-1,S-2\CSE 1200 SD\UNIVERSE OF BATTLE\25-3-19(10.50PM)\UNIVERSE OF BATTLE\IGRAPHICS PROJECT\DEBUG\IGRAPHICS PROJECT.ILK
F:\ACADEMIC BOOKS RAKIB\Y-1,S-2\CSE 1200 SD\UNIVERSE OF BATTLE\25-3-19(10.50PM)\UNIVERSE OF BATTLE\IGRAPHICS PROJECT\DEBUG\IGRAPHICS PROJECT.PDB
F:\ACADEMIC BOOKS RAKIB\Y-1,S-2\CSE 1200 SD\UNIVERSE OF BATTLE\25-3-19(10.50PM)\UNIVERSE OF BATTLE\IGRAPHICS PROJECT\IGRAPHICS PROJECT\DEBUG\IGRAPHICS PROJECT.EXE.INTERMEDIATE.MANIFEST
F:\ACADEMIC BOOKS RAKIB\Y-1,S-2\CSE 1200 SD\UNIVERSE OF BATTLE\25-3-19(10.50PM)\UNIVERSE OF BATTLE\IGRAPHICS PROJECT\IGRAPHICS PROJECT\DEBUG\UNIVERSEOFBATTLE.OBJ
F:\ACADEMIC BOOKS RAKIB\Y-1,S-2\CSE 1200 SD\UNIVERSE OF BATTLE\25-3-19(10.50PM)\UNIVERSE OF BATTLE\IGRAPHICS PROJECT\IGRAPHICS PROJECT\DEBUG\VC100.PDB
F:\ACADEMIC BOOKS RAKIB\Y-1,S-2\CSE 1200 SD\UNIVERSE OF BATTLE\26-3-19(11.30PM)\UNIVERSE OF BATTLE\IGRAPHICS PROJECT\DEBUG\IGRAPHICS PROJECT.EXE
F:\ACADEMIC BOOKS RAKIB\Y-1,S-2\CSE 1200 SD\UNIVERSE OF BATTLE\26-3-19(11.30PM)\UNIVERSE OF BATTLE\IGRAPHICS PROJECT\DEBUG\IGRAPHICS PROJECT.ILK
F:\ACADEMIC BOOKS RAKIB\Y-1,S-2\CSE 1200 SD\UNIVERSE OF BATTLE\26-3-19(11.30PM)\UNIVERSE OF BATTLE\IGRAPHICS PROJECT\DEBUG\IGRAPHICS PROJECT.PDB
F:\ACADEMIC BOOKS RAKIB\Y-1,S-2\CSE 1200 SD\UNIVERSE OF BATTLE\26-3-19(11.30PM)\UNIVERSE OF BATTLE\IGRAPHICS PROJECT\IGRAPHICS PROJECT\DEBUG\IGRAPHICS PROJECT.EXE.INTERMEDIATE.MANIFEST
F:\ACADEMIC BOOKS RAKIB\Y-1,S-2\CSE 1200 SD\UNIVERSE OF BATTLE\26-3-19(11.30PM)\UNIVERSE OF BATTLE\IGRAPHICS PROJECT\IGRAPHICS PROJECT\DEBUG\UNIVERSEOFBATTLE.OBJ
F:\ACADEMIC BOOKS RAKIB\Y-1,S-2\CSE 1200 SD\UNIVERSE OF BATTLE\26-3-19(11.30PM)\UNIVERSE OF BATTLE\IGRAPHICS PROJECT\IGRAPHICS PROJECT\DEBUG\VC100.PDB
F:\ACADEMIC BOOKS RAKIB\Y-1,S-2\CSE 1200 SD\UNIVERSE OF BATTLE\26-3-19(3.45AM)\UNIVERSE OF BATTLE\IGRAPHICS PROJECT\DEBUG\IGRAPHICS PROJECT.EXE
F:\ACADEMIC BOOKS RAKIB\Y-1,S-2\CSE 1200 SD\UNIVERSE OF BATTLE\26-3-19(3.45AM)\UNIVERSE OF BATTLE\IGRAPHICS PROJECT\DEBUG\IGRAPHICS PROJECT.ILK
F:\ACADEMIC BOOKS RAKIB\Y-1,S-2\CSE 1200 SD\UNIVERSE OF BATTLE\26-3-19(3.45AM)\UNIVERSE OF BATTLE\IGRAPHICS PROJECT\DEBUG\IGRAPHICS PROJECT.PDB
F:\ACADEMIC BOOKS RAKIB\Y-1,S-2\CSE 1200 SD\UNIVERSE OF BATTLE\26-3-19(3.45AM)\UNIVERSE OF BATTLE\IGRAPHICS PROJECT\IGRAPHICS PROJECT\DEBUG\IGRAPHICS PROJECT.EXE.INTERMEDIATE.MANIFEST
F:\ACADEMIC BOOKS RAKIB\Y-1,S-2\CSE 1200 SD\UNIVERSE OF BATTLE\26-3-19(3.45AM)\UNIVERSE OF BATTLE\IGRAPHICS PROJECT\IGRAPHICS PROJECT\DEBUG\UNIVERSEOFBATTLE.OBJ
F:\ACADEMIC BOOKS RAKIB\Y-1,S-2\CSE 1200 SD\UNIVERSE OF BATTLE\26-3-19(3.45AM)\UNIVERSE OF BATTLE\IGRAPHICS PROJECT\IGRAPHICS PROJECT\DEBUG\VC100.PDB
F:\ACADEMIC BOOKS RAKIB\Y-1,S-2\CSE 1200 SD\UNIVERSE OF BATTLE\30-3-19(12.52AM)\UNIVERSE OF BATTLE\IGRAPHICS PROJECT\DEBUG\IGRAPHICS PROJECT.EXE
F:\ACADEMIC BOOKS RAKIB\Y-1,S-2\CSE 1200 SD\UNIVERSE OF BATTLE\30-3-19(12.52AM)\UNIVERSE OF BATTLE\IGRAPHICS PROJECT\DEBUG\IGRAPHICS PROJECT.ILK
F:\ACADEMIC BOOKS RAKIB\Y-1,S-2\CSE 1200 SD\UNIVERSE OF BATTLE\30-3-19(12.52AM)\UNIVERSE OF BATTLE\IGRAPHICS PROJECT\DEBUG\IGRAPHICS PROJECT.PDB
F:\ACADEMIC BOOKS RAKIB\Y-1,S-2\CSE 1200 SD\UNIVERSE OF BATTLE\30-3-19(12.52AM)\UNIVERSE OF BATTLE\IGRAPHICS PROJECT\IGRAPHICS PROJECT\DEBUG\IGRAPHICS PROJECT.EXE.INTERMEDIATE.MANIFEST
F:\ACADEMIC BOOKS RAKIB\Y-1,S-2\CSE 1200 SD\UNIVERSE OF BATTLE\30-3-19(12.52AM)\UNIVERSE OF BATTLE\IGRAPHICS PROJECT\IGRAPHICS PROJECT\DEBUG\UNIVERSEOFBATTLE.OBJ
F:\ACADEMIC BOOKS RAKIB\Y-1,S-2\CSE 1200 SD\UNIVERSE OF BATTLE\30-3-19(12.52AM)\UNIVERSE OF BATTLE\IGRAPHICS PROJECT\IGRAPHICS PROJECT\DEBUG\VC100.PDB
F:\ACADEMIC BOOKS RAKIB\Y-1,S-2\CSE 1200 SD\UNIVERSE OF BATTLE\9-3-19(9.49PM)\IGRAPHICS PROJECT\DEBUG\IGRAPHICS PROJECT.EXE
F:\ACADEMIC BOOKS RAKIB\Y-1,S-2\CSE 1200 SD\UNIVERSE OF BATTLE\9-3-19(9.49PM)\IGRAPHICS PROJECT\DEBUG\IGRAPHICS PROJECT.ILK
F:\ACADEMIC BOOKS RAKIB\Y-1,S-2\CSE 1200 SD\UNIVERSE OF BATTLE\9-3-19(9.49PM)\IGRAPHICS PROJECT\DEBUG\IGRAPHICS PROJECT.PDB
F:\ACADEMIC BOOKS RAKIB\Y-1,S-2\CSE 1200 SD\UNIVERSE OF BATTLE\9-3-19(9.49PM)\IGRAPHICS PROJECT\IGRAPHICS PROJECT\DEBUG\IGRAPHICS PROJECT.EXE.INTERMEDIATE.MANIFEST
F:\ACADEMIC BOOKS RAKIB\Y-1,S-2\CSE 1200 SD\UNIVERSE OF BATTLE\9-3-19(9.49PM)\IGRAPHICS PROJECT\IGRAPHICS PROJECT\DEBUG\UNIVERSEOFBATTLE.OBJ
F:\ACADEMIC BOOKS RAKIB\Y-1,S-2\CSE 1200 SD\UNIVERSE OF BATTLE\9-3-19(9.49PM)\IGRAPHICS PROJECT\IGRAPHICS PROJECT\DEBUG\VC100.PDB
F:\ACADEMIC BOOKS RAKIB\Y-1,S-2\CSE 1200 SD\UNIVERSE OF BATTLE\IGRAPHICS PROJECT\DEBUG\IGRAPHICS PROJECT.EXE
F:\ACADEMIC BOOKS RAKIB\Y-1,S-2\CSE 1200 SD\UNIVERSE OF BATTLE\IGRAPHICS PROJECT\DEBUG\IGRAPHICS PROJECT.ILK
F:\ACADEMIC BOOKS RAKIB\Y-1,S-2\CSE 1200 SD\UNIVERSE OF BATTLE\IGRAPHICS PROJECT\DEBUG\IGRAPHICS PROJECT.PDB
F:\ACADEMIC BOOKS RAKIB\Y-1,S-2\CSE 1200 SD\UNIVERSE OF BATTLE\IGRAPHICS PROJECT\IGRAPHICS PROJECT\DEBUG\IGRAPHICS PROJECT.EXE.INTERMEDIATE.MANIFEST
F:\ACADEMIC BOOKS RAKIB\Y-1,S-2\CSE 1200 SD\UNIVERSE OF BATTLE\IGRAPHICS PROJECT\IGRAPHICS PROJECT\DEBUG\IMAGEDEMO.OBJ
F:\ACADEMIC BOOKS RAKIB\Y-1,S-2\CSE 1200 SD\UNIVERSE OF BATTLE\IGRAPHICS PROJECT\IGRAPHICS PROJECT\DEBUG\UNIVERSEOFBATTLE.OBJ
F:\ACADEMIC BOOKS RAKIB\Y-1,S-2\CSE 1200 SD\UNIVERSE OF BATTLE\IGRAPHICS PROJECT\IGRAPHICS PROJECT\DEBUG\VC100.PDB
F:\SOFTWAR-1 LAB(1200)\IGRAPHICSULTIMATE-20180522T211914Z-001\IGRAPHICSULTIMATE\IGRAPHICS PROJECT\DEBUG\IGRAPHICS PROJECT.EXE
F:\SOFTWAR-1 LAB(1200)\IGRAPHICSULTIMATE-20180522T211914Z-001\IGRAPHICSULTIMATE\IGRAPHICS PROJECT\DEBUG\IGRAPHICS PROJECT.ILK
F:\SOFTWAR-1 LAB(1200)\IGRAPHICSULTIMATE-20180522T211914Z-001\IGRAPHICSULTIMATE\IGRAPHICS PROJECT\DEBUG\IGRAPHICS PROJECT.PDB
F:\SOFTWAR-1 LAB(1200)\IGRAPHICSULTIMATE-20180522T211914Z-001\IGRAPHICSULTIMATE\IGRAPHICS PROJECT\IGRAPHICS PROJECT\DEBUG\IGRAPHICS PROJECT.EXE.INTERMEDIATE.MANIFEST
F:\SOFTWAR-1 LAB(1200)\IGRAPHICSULTIMATE-20180522T211914Z-001\IGRAPHICSULTIMATE\IGRAPHICS PROJECT\IGRAPHICS PROJECT\DEBUG\IMAIN.OBJ
F:\SOFTWAR-1 LAB(1200)\IGRAPHICSULTIMATE-20180522T211914Z-001\IGRAPHICSULTIMATE\IGRAPHICS PROJECT\IGRAPHICS PROJECT\DEBUG\VC100.PDB
H:\ \IGRAPHICS\IGRAPHICSULTIMATE\IGRAPHICS PROJECT\DEBUG\IGRAPHICS PROJECT.EXE
H:\ \IGRAPHICS\IGRAPHICSULTIMATE\IGRAPHICS PROJECT\DEBUG\IGRAPHICS PROJECT.ILK
H:\ \IGRAPHICS\IGRAPHICSULTIMATE\IGRAPHICS PROJECT\DEBUG\IGRAPHICS PROJECT.PDB
H:\ \IGRAPHICS\IGRAPHICSULTIMATE\IGRAPHICS PROJECT\IGRAPHICS PROJECT\DEBUG\IGRAPHICS PROJECT.EXE.INTERMEDIATE.MANIFEST
H:\ \IGRAPHICS\IGRAPHICSULTIMATE\IGRAPHICS PROJECT\IGRAPHICS PROJECT\DEBUG\IMAIN.OBJ
H:\ \IGRAPHICS\IGRAPHICSULTIMATE\IGRAPHICS PROJECT\IGRAPHICS PROJECT\DEBUG\VC100.PDB
H:\GAME PROJECT(1.2)\UNIVERSE OF BATTLE\IGRAPHICS PROJECT\DEBUG\IGRAPHICS PROJECT.EXE
H:\GAME PROJECT(1.2)\UNIVERSE OF BATTLE\IGRAPHICS PROJECT\DEBUG\IGRAPHICS PROJECT.ILK
H:\GAME PROJECT(1.2)\UNIVERSE OF BATTLE\IGRAPHICS PROJECT\DEBUG\IGRAPHICS PROJECT.PDB
H:\GAME PROJECT(1.2)\UNIVERSE OF BATTLE\IGRAPHICS PROJECT\IGRAPHICS PROJECT\DEBUG\ARENA1.OBJ
H:\GAME PROJECT(1.2)\UNIVERSE OF BATTLE\IGRAPHICS PROJECT\IGRAPHICS PROJECT\DEBUG\BALLDEMO.OBJ
H:\GAME PROJECT(1.2)\UNIVERSE OF BATTLE\IGRAPHICS PROJECT\IGRAPHICS PROJECT\DEBUG\IGRAPHICS PROJECT.EXE.INTERMEDIATE.MANIFEST
H:\GAME PROJECT(1.2)\UNIVERSE OF BATTLE\IGRAPHICS PROJECT\IGRAPHICS PROJECT\DEBUG\MAINPROJECT.OBJ
H:\GAME PROJECT(1.2)\UNIVERSE OF BATTLE\IGRAPHICS PROJECT\IGRAPHICS PROJECT\DEBUG\UNIVERSEOFBATTLE.OBJ
H:\GAME PROJECT(1.2)\UNIVERSE OF BATTLE\IGRAPHICS PROJECT\IGRAPHICS PROJECT\DEBUG\VC100.PDB
I:\3-4-19(12.23AM)\UNIVERSE OF BATTLE\IGRAPHICS PROJECT\DEBUG\IGRAPHICS PROJECT.EXE
I:\3-4-19(12.23AM)\UNIVERSE OF BATTLE\IGRAPHICS PROJECT\DEBUG\IGRAPHICS PROJECT.ILK
I:\3-4-19(12.23AM)\UNIVERSE OF BATTLE\IGRAPHICS PROJECT\DEBUG\IGRAPHICS PROJECT.PDB
I:\3-4-19(12.23AM)\UNIVERSE OF BATTLE\IGRAPHICS PROJECT\IGRAPHICS PROJECT\DEBUG\IGRAPHICS PROJECT.EXE.INTERMEDIATE.MANIFEST
I:\3-4-19(12.23AM)\UNIVERSE OF BATTLE\IGRAPHICS PROJECT\IGRAPHICS PROJECT\DEBUG\UNIVERSEOFBATTLE.OBJ
I:\3-4-19(12.23AM)\UNIVERSE OF BATTLE\IGRAPHICS PROJECT\IGRAPHICS PROJECT\DEBUG\VC100.PDB
I:\IGRAPHICS PROJECT\DEBUG\IGRAPHICS PROJECT.EXE
I:\IGRAPHICS PROJECT\DEBUG\IGRAPHICS PROJECT.ILK
I:\IGRAPHICS PROJECT\DEBUG\IGRAPHICS PROJECT.PDB
I:\IGRAPHICS PROJECT\IGRAPHICS PROJECT\DEBUG\IGRAPHICS PROJECT.EXE.INTERMEDIATE.MANIFEST
I:\IGRAPHICS PROJECT\IGRAPHICS PROJECT\DEBUG\UNIVERSEOFBATTLE.OBJ
I:\IGRAPHICS PROJECT\IGRAPHICS PROJECT\DEBUG\VC100.PDB
